# JRE version: Java(TM) SE Runtime Environment (20.0.2+9) (build 20.0.2+9-78)
# Java VM: Java HotSpot(TM) 64-Bit Server VM (20.0.2+9-78, mixed mode, emulated-client, sharing, tiered, compressed oops, compressed class ptrs, g1 gc, windows-amd64)
GC Precious Log:
 CardTable entry size: 512
 Card Set container configuration: InlinePtr #cards 4 size 8 Array Of Cards #cards 16 size 48 Howl #buckets 8 coarsen threshold 3686 Howl Bitmap #cards 512 size 80 coarsen threshold 460 Card regions per heap region 1 cards per card region 4096
 CPUs: 16 total, 16 available
 Memory: 16085M
 Large Page Support: Disabled
 NUMA Support: Disabled
 Compressed Oops: Enabled (Zero based)
 Heap Region Size: 2M
 Heap Min Capacity: 8M
 Heap Initial Capacity: 252M
 Heap Max Capacity: 4022M
 Pre-touch: Disabled
 Parallel Workers: 13
 Concurrent Workers: 3
 Concurrent Refinement Workers: 13
 Periodic GC: Disabled
Heap:
 garbage-first heap   total 122880K, used 61456K [0x0000000704a00000, 0x0000000800000000)
  region size 2048K, 2 young (4096K), 2 survivors (4096K)
 Metaspace       used 66335K, committed 67072K, reserved 1114112K
  class space    used 9363K, committed 9664K, reserved 1048576K
GC Heap History (20 events):
Event: 2.814 GC heap after
{Heap after GC invocations=14 (full 0):
 garbage-first heap   total 69632K, used 26653K [0x0000000704a00000, 0x0000000800000000)
  region size 2048K, 3 young (6144K), 3 survivors (6144K)
 Metaspace       used 55489K, committed 56128K, reserved 1114112K
  class space    used 7554K, committed 7872K, reserved 1048576K
}
Event: 2.953 GC heap before
{Heap before GC invocations=14 (full 0):
 garbage-first heap   total 69632K, used 55325K [0x0000000704a00000, 0x0000000800000000)
  region size 2048K, 17 young (34816K), 3 survivors (6144K)
 Metaspace       used 55884K, committed 56576K, reserved 1114112K
  class space    used 7625K, committed 7936K, reserved 1048576K
}
Event: 2.955 GC heap after
{Heap after GC invocations=15 (full 0):
 garbage-first heap   total 69632K, used 27228K [0x0000000704a00000, 0x0000000800000000)
  region size 2048K, 1 young (2048K), 1 survivors (2048K)
 Metaspace       used 55884K, committed 56576K, reserved 1114112K
  class space    used 7625K, committed 7936K, reserved 1048576K
}
Event: 3.253 GC heap before
{Heap before GC invocations=15 (full 0):
 garbage-first heap   total 69632K, used 57948K [0x0000000704a00000, 0x0000000800000000)
  region size 2048K, 17 young (34816K), 1 survivors (2048K)
 Metaspace       used 61077K, committed 61760K, reserved 1114112K
  class space    used 8340K, committed 8640K, reserved 1048576K
}
Event: 3.256 GC heap after
{Heap after GC invocations=16 (full 0):
 garbage-first heap   total 69632K, used 30593K [0x0000000704a00000, 0x0000000800000000)
  region size 2048K, 3 young (6144K), 3 survivors (6144K)
 Metaspace       used 61077K, committed 61760K, reserved 1114112K
  class space    used 8340K, committed 8640K, reserved 1048576K
}
Event: 3.433 GC heap before
{Heap before GC invocations=16 (full 0):
 garbage-first heap   total 69632K, used 55169K [0x0000000704a00000, 0x0000000800000000)
  region size 2048K, 15 young (30720K), 3 survivors (6144K)
 Metaspace       used 64654K, committed 65408K, reserved 1114112K
  class space    used 9043K, committed 9344K, reserved 1048576K
}
Event: 3.436 GC heap after
{Heap after GC invocations=17 (full 0):
 garbage-first heap   total 69632K, used 32543K [0x0000000704a00000, 0x0000000800000000)
  region size 2048K, 2 young (4096K), 2 survivors (4096K)
 Metaspace       used 64654K, committed 65408K, reserved 1114112K
  class space    used 9043K, committed 9344K, reserved 1048576K
}
Event: 3.480 GC heap before
{Heap before GC invocations=17 (full 0):
 garbage-first heap   total 69632K, used 55071K [0x0000000704a00000, 0x0000000800000000)
  region size 2048K, 14 young (28672K), 2 survivors (4096K)
 Metaspace       used 64943K, committed 65664K, reserved 1114112K
  class space    used 9110K, committed 9408K, reserved 1048576K
}
Event: 3.481 GC heap after
{Heap after GC invocations=18 (full 0):
 garbage-first heap   total 69632K, used 33612K [0x0000000704a00000, 0x0000000800000000)
  region size 2048K, 2 young (4096K), 2 survivors (4096K)
 Metaspace       used 64943K, committed 65664K, reserved 1114112K
  class space    used 9110K, committed 9408K, reserved 1048576K
}
Event: 3.486 GC heap before
{Heap before GC invocations=18 (full 0):
 garbage-first heap   total 69632K, used 33612K [0x0000000704a00000, 0x0000000800000000)
  region size 2048K, 3 young (6144K), 2 survivors (4096K)
 Metaspace       used 65164K, committed 65856K, reserved 1114112K
  class space    used 9110K, committed 9408K, reserved 1048576K
}
Event: 3.488 GC heap after
{Heap after GC invocations=19 (full 0):
 garbage-first heap   total 83968K, used 33995K [0x0000000704a00000, 0x0000000800000000)
  region size 2048K, 1 young (2048K), 1 survivors (2048K)
 Metaspace       used 65164K, committed 65856K, reserved 1114112K
  class space    used 9110K, committed 9408K, reserved 1048576K
}
Event: 3.592 GC heap before
{Heap before GC invocations=20 (full 0):
 garbage-first heap   total 83968K, used 68811K [0x0000000704a00000, 0x0000000800000000)
  region size 2048K, 18 young (36864K), 1 survivors (2048K)
 Metaspace       used 66331K, committed 67072K, reserved 1114112K
  class space    used 9362K, committed 9664K, reserved 1048576K
}
Event: 3.593 GC heap after
{Heap after GC invocations=21 (full 0):
 garbage-first heap   total 83968K, used 34473K [0x0000000704a00000, 0x0000000800000000)
  region size 2048K, 2 young (4096K), 2 survivors (4096K)
 Metaspace       used 66331K, committed 67072K, reserved 1114112K
  class space    used 9362K, committed 9664K, reserved 1048576K
}
Event: 3.643 GC heap before
{Heap before GC invocations=21 (full 0):
 garbage-first heap   total 83968K, used 69289K [0x0000000704a00000, 0x0000000800000000)
  region size 2048K, 19 young (38912K), 2 survivors (4096K)
 Metaspace       used 66334K, committed 67072K, reserved 1114112K
  class space    used 9363K, committed 9664K, reserved 1048576K
}
Event: 3.646 GC heap after
{Heap after GC invocations=22 (full 0):
 garbage-first heap   total 83968K, used 42853K [0x0000000704a00000, 0x0000000800000000)
  region size 2048K, 3 young (6144K), 3 survivors (6144K)
 Metaspace       used 66334K, committed 67072K, reserved 1114112K
  class space    used 9363K, committed 9664K, reserved 1048576K
}
Event: 3.679 GC heap before
{Heap before GC invocations=22 (full 0):
 garbage-first heap   total 83968K, used 69477K [0x0000000704a00000, 0x0000000800000000)
  region size 2048K, 16 young (32768K), 3 survivors (6144K)
 Metaspace       used 66334K, committed 67072K, reserved 1114112K
  class space    used 9363K, committed 9664K, reserved 1048576K
}
Event: 3.683 GC heap after
{Heap after GC invocations=23 (full 0):
 garbage-first heap   total 86016K, used 51432K [0x0000000704a00000, 0x0000000800000000)
  region size 2048K, 2 young (4096K), 2 survivors (4096K)
 Metaspace       used 66334K, committed 67072K, reserved 1114112K
  class space    used 9363K, committed 9664K, reserved 1048576K
}
Event: 3.706 GC heap before
{Heap before GC invocations=23 (full 0):
 garbage-first heap   total 86016K, used 69864K [0x0000000704a00000, 0x0000000800000000)
  region size 2048K, 11 young (22528K), 2 survivors (4096K)
 Metaspace       used 66334K, committed 67072K, reserved 1114112K
  class space    used 9363K, committed 9664K, reserved 1048576K
}
Event: 3.709 GC heap after
{Heap after GC invocations=24 (full 0):
 garbage-first heap   total 86016K, used 57985K [0x0000000704a00000, 0x0000000800000000)
  region size 2048K, 2 young (4096K), 2 survivors (4096K)
 Metaspace       used 66334K, committed 67072K, reserved 1114112K
  class space    used 9363K, committed 9664K, reserved 1048576K
}
Event: 3.735 GC heap before
{Heap before GC invocations=24 (full 0):
 garbage-first heap   total 122880K, used 72321K [0x0000000704a00000, 0x0000000800000000)
  region size 2048K, 9 young (18432K), 2 survivors (4096K)
 Metaspace       used 66335K, committed 67072K, reserved 1114112K
  class space    used 9363K, committed 9664K, reserved 1048576K
}

